<?xml version="1.0" encoding="UTF-8"?>
<!-- Generated by org.testng.reporters.JUnitXMLReporter -->
<testsuite hostname="INCHN-WS-485" name="Default test" tests="3" failures="0" timestamp="24 May 2019 10:00:16 GMT" time="1.612" errors="0">
  <testcase name="integrationTest" time="0.022" classname="DDFHashMap.ReadExcelUsingHashMap"/>
  <testcase name="integrationTest" time="0.0" classname="DDFHashMap.ReadExcelUsingHashMap"/>
  <testcase name="integrationTest" time="0.0" classname="DDFHashMap.ReadExcelUsingHashMap"/>
</testsuite> <!-- Default test -->
