<?xml version="1.0" encoding="UTF-8"?>
<!-- Generated by org.testng.reporters.JUnitXMLReporter -->
<testsuite hostname="INCHN-WS-485" name="ReportTest" tests="5" failures="0" timestamp="23 Apr 2019 05:54:00 GMT" time="0.036" errors="0">
  <testcase name="Test1" time="0.008" classname="Basics.ExcelReport"/>
  <testcase name="Test2" time="0.0" classname="Basics.ExcelReport"/>
  <testcase name="Test3" time="0.001" classname="Basics.ExcelReport"/>
  <testcase name="Test4" time="0.001" classname="Basics.ExcelReport"/>
  <testcase name="Test5" time="0.0" classname="Basics.ExcelReport"/>
</testsuite> <!-- ReportTest -->
