<?xml version="1.0" encoding="UTF-8"?>
<testng-results skipped="0" failed="0" total="3" passed="3">
  <reporter-output>
  </reporter-output>
  <suite name="Default suite" duration-ms="1612" started-at="2019-05-24T10:00:15Z" finished-at="2019-05-24T10:00:16Z">
    <groups>
    </groups>
    <test name="Default test" duration-ms="1612" started-at="2019-05-24T10:00:15Z" finished-at="2019-05-24T10:00:16Z">
      <class name="DDFHashMap.ReadExcelUsingHashMap">
        <test-method status="PASS" signature="integrationTest(java.util.Map)[pri:0, instance:DDFHashMap.ReadExcelUsingHashMap@10f6bfd]" name="integrationTest" duration-ms="22" started-at="2019-05-24T15:30:16Z" data-provider="data" finished-at="2019-05-24T15:30:16Z">
          <params>
            <param index="0">
              <value>
                <![CDATA[{UserName=user1, DoB=dob1, Password=pass1}]]>
              </value>
            </param>
          </params>
          <reporter-output>
          </reporter-output>
        </test-method> <!-- integrationTest -->
        <test-method status="PASS" signature="integrationTest(java.util.Map)[pri:0, instance:DDFHashMap.ReadExcelUsingHashMap@10f6bfd]" name="integrationTest" duration-ms="0" started-at="2019-05-24T15:30:16Z" data-provider="data" finished-at="2019-05-24T15:30:16Z">
          <params>
            <param index="0">
              <value>
                <![CDATA[{UserName=user2, DoB=dob2, Password=pass2}]]>
              </value>
            </param>
          </params>
          <reporter-output>
          </reporter-output>
        </test-method> <!-- integrationTest -->
        <test-method status="PASS" signature="integrationTest(java.util.Map)[pri:0, instance:DDFHashMap.ReadExcelUsingHashMap@10f6bfd]" name="integrationTest" duration-ms="0" started-at="2019-05-24T15:30:16Z" data-provider="data" finished-at="2019-05-24T15:30:16Z">
          <params>
            <param index="0">
              <value>
                <![CDATA[{UserName=user3, DoB=dob3, Password=pass3}]]>
              </value>
            </param>
          </params>
          <reporter-output>
          </reporter-output>
        </test-method> <!-- integrationTest -->
      </class> <!-- DDFHashMap.ReadExcelUsingHashMap -->
    </test> <!-- Default test -->
  </suite> <!-- Default suite -->
</testng-results>
