<?xml version="1.0" encoding="UTF-8"?>
<testng-results skipped="0" failed="0" total="5" passed="5">
  <reporter-output>
  </reporter-output>
  <suite name="GroupSuite" duration-ms="26" started-at="2019-06-04T08:39:39Z" finished-at="2019-06-04T08:39:39Z">
    <groups>
      <group name="Sanity">
        <method signature="TestNGGroupsConcetps.Test1()[pri:0, instance:TestNG.TestNGGroupsConcetps@1bb07ed]" name="Test1" class="TestNG.TestNGGroupsConcetps"/>
        <method signature="TestNGGroupsConcetps.Test2()[pri:1, instance:TestNG.TestNGGroupsConcetps@1bb07ed]" name="Test2" class="TestNG.TestNGGroupsConcetps"/>
        <method signature="TestNGGroupsConcetps.Test3()[pri:2, instance:TestNG.TestNGGroupsConcetps@1bb07ed]" name="Test3" class="TestNG.TestNGGroupsConcetps"/>
        <method signature="TestNGGroupsConcetps.Test4()[pri:3, instance:TestNG.TestNGGroupsConcetps@1bb07ed]" name="Test4" class="TestNG.TestNGGroupsConcetps"/>
      </group> <!-- Sanity -->
      <group name="Regression">
        <method signature="TestNGGroupsConcetps.Test4()[pri:3, instance:TestNG.TestNGGroupsConcetps@1bb07ed]" name="Test4" class="TestNG.TestNGGroupsConcetps"/>
        <method signature="TestNGGroupsConcetps.Test5()[pri:4, instance:TestNG.TestNGGroupsConcetps@1bb07ed]" name="Test5" class="TestNG.TestNGGroupsConcetps"/>
      </group> <!-- Regression -->
      <group name="Smoke">
        <method signature="TestNGGroupsConcetps.Test2()[pri:1, instance:TestNG.TestNGGroupsConcetps@1bb07ed]" name="Test2" class="TestNG.TestNGGroupsConcetps"/>
        <method signature="TestNGGroupsConcetps.Test3()[pri:2, instance:TestNG.TestNGGroupsConcetps@1bb07ed]" name="Test3" class="TestNG.TestNGGroupsConcetps"/>
      </group> <!-- Smoke -->
    </groups>
    <test name="GroupTest" duration-ms="26" started-at="2019-06-04T08:39:39Z" finished-at="2019-06-04T08:39:39Z">
      <class name="TestNG.TestNGGroupsConcetps">
        <test-method status="PASS" signature="Test1()[pri:0, instance:TestNG.TestNGGroupsConcetps@1bb07ed]" name="Test1" duration-ms="11" started-at="2019-06-04T14:09:39Z" finished-at="2019-06-04T14:09:39Z">
          <reporter-output>
          </reporter-output>
        </test-method> <!-- Test1 -->
        <test-method status="PASS" signature="Test2()[pri:1, instance:TestNG.TestNGGroupsConcetps@1bb07ed]" name="Test2" duration-ms="1" started-at="2019-06-04T14:09:39Z" finished-at="2019-06-04T14:09:39Z">
          <reporter-output>
          </reporter-output>
        </test-method> <!-- Test2 -->
        <test-method status="PASS" signature="Test3()[pri:2, instance:TestNG.TestNGGroupsConcetps@1bb07ed]" name="Test3" duration-ms="1" started-at="2019-06-04T14:09:39Z" finished-at="2019-06-04T14:09:39Z">
          <reporter-output>
          </reporter-output>
        </test-method> <!-- Test3 -->
        <test-method status="PASS" signature="Test4()[pri:3, instance:TestNG.TestNGGroupsConcetps@1bb07ed]" name="Test4" duration-ms="1" started-at="2019-06-04T14:09:39Z" finished-at="2019-06-04T14:09:39Z">
          <reporter-output>
          </reporter-output>
        </test-method> <!-- Test4 -->
        <test-method status="PASS" signature="Test5()[pri:4, instance:TestNG.TestNGGroupsConcetps@1bb07ed]" name="Test5" duration-ms="1" started-at="2019-06-04T14:09:39Z" finished-at="2019-06-04T14:09:39Z">
          <reporter-output>
          </reporter-output>
        </test-method> <!-- Test5 -->
      </class> <!-- TestNG.TestNGGroupsConcetps -->
    </test> <!-- GroupTest -->
  </suite> <!-- GroupSuite -->
</testng-results>
