<?xml version="1.0" encoding="UTF-8"?>
<!-- Generated by org.testng.reporters.JUnitXMLReporter -->
<testsuite hostname="INCHN-WS-485" name="GroupTest" tests="5" failures="0" timestamp="4 Jun 2019 08:39:39 GMT" time="0.026" errors="0">
  <testcase name="Test1" time="0.011" classname="TestNG.TestNGGroupsConcetps"/>
  <testcase name="Test2" time="0.001" classname="TestNG.TestNGGroupsConcetps"/>
  <testcase name="Test3" time="0.001" classname="TestNG.TestNGGroupsConcetps"/>
  <testcase name="Test4" time="0.001" classname="TestNG.TestNGGroupsConcetps"/>
  <testcase name="Test5" time="0.001" classname="TestNG.TestNGGroupsConcetps"/>
</testsuite> <!-- GroupTest -->
